Flutter crash report; please file at https://github.com/flutter/flutter/issues.

## command

flutter run

## exception

FormatException: FormatException: Bad UTF-8 encoding 0xc3 (at offset 177)

```
#0      _Utf8Decoder.convert (dart:convert/utf.dart:490)
#1      _Utf8ConversionSink.addSlice (dart:convert/string_conversion.dart:345)
#2      _Utf8ConversionSink.add (dart:convert/string_conversion.dart:341)
#3      _ConverterStreamEventSink.add (dart:convert/chunked_conversion.dart:86)
#4      _SinkTransformerStreamSubscription._handleData (dart:async/stream_transformers.dart:120)
#5      _rootRunUnary (dart:async/zone.dart:1134)
#6      _CustomZone.runUnary (dart:async/zone.dart:1031)
#7      _CustomZone.runUnaryGuarded (dart:async/zone.dart:933)
#8      _BufferingStreamSubscription._sendData (dart:async/stream_impl.dart:330)
#9      _BufferingStreamSubscription._add (dart:async/stream_impl.dart:257)
#10     _StreamController&&_SyncStreamControllerDispatch._sendData (dart:async/stream_controller.dart:763)
#11     _StreamController._add (dart:async/stream_controller.dart:639)
#12     _StreamController.add (dart:async/stream_controller.dart:585)
#13     _Socket._onData (dart:io-patch/socket_patch.dart:1674)
#14     _rootRunUnary (dart:async/zone.dart:1138)
#15     _CustomZone.runUnary (dart:async/zone.dart:1031)
#16     _CustomZone.runUnaryGuarded (dart:async/zone.dart:933)
#17     _BufferingStreamSubscription._sendData (dart:async/stream_impl.dart:330)
#18     _BufferingStreamSubscription._add (dart:async/stream_impl.dart:257)
#19     _StreamController&&_SyncStreamControllerDispatch._sendData (dart:async/stream_controller.dart:763)
#20     _StreamController._add (dart:async/stream_controller.dart:639)
#21     _StreamController.add (dart:async/stream_controller.dart:585)
#22     new _RawSocket.<anonymous closure> (dart:io-patch/socket_patch.dart:1247)
#23     _NativeSocket.issueReadEvent.issue (dart:io-patch/socket_patch.dart:799)
#24     _microtaskLoop (dart:async/schedule_microtask.dart:41)
#25     _startMicrotaskLoop (dart:async/schedule_microtask.dart:50)
#26     _runPendingImmediateCallback (dart:isolate-patch/dart:isolate/isolate_patch.dart:113)
#27     _RawReceivePortImpl._handleMessage (dart:isolate-patch/dart:isolate/isolate_patch.dart:166)
```

## flutter doctor

```
[✓] Flutter (Channel master, v0.2.12-pre.4, on Microsoft Windows [鐗堟湰 6.1.7601], locale zh-CN)
    • Flutter version 0.2.12-pre.4 at D:\flutter
    • Framework revision a2951a9a1f (8 days ago), 2018-04-10 18:12:34 -0700
    • Engine revision ed303c628f
    • Dart version 2.0.0-dev.47.0.flutter-23ae4fa098

[!] Android toolchain - develop for Android devices (Android SDK 27.0.3)
    • Android SDK at D:\android_sdk
    • Android NDK location not configured (optional; useful for native profiling support)
    • Platform android-27, build-tools 27.0.3
    • ANDROID_HOME = D:\android_sdk
    • Java binary at: D:\AS3.0\jre\bin\java
    • Java version OpenJDK Runtime Environment (build 1.8.0_152-release-915-b01)
    ! Some Android licenses not accepted.  To resolve this, run: flutter doctor --android-licenses

[✓] Android Studio (version 3.0)
    • Android Studio at D:\AS3.0
    • Flutter plugin version 23.1.1
    • Dart plugin version 171.4424
    • Java version OpenJDK Runtime Environment (build 1.8.0_152-release-915-b01)

[✓] Connected devices (1 available)
    • HUAWEI TAG AL00 • QLXBBBA5C1710155 • android-arm64 • Android 5.1 (API 22)

! Doctor found issues in 1 category.
```
